Analysis & Synthesis report for relogio
Thu Aug 22 18:05:03 2024
Quartus II 32-bit Version 13.0.1 Build 232 06/12/2013 Service Pack 1 SJ Web Edition


---------------------
; Table of Contents ;
---------------------
  1. Legal Notice
  2. Analysis & Synthesis Summary
  3. Analysis & Synthesis Settings
  4. Parallel Compilation
  5. Analysis & Synthesis Source Files Read
  6. Analysis & Synthesis Resource Usage Summary
  7. Analysis & Synthesis Resource Utilization by Entity
  8. Registers Removed During Synthesis
  9. Removed Registers Triggering Further Register Optimizations
 10. General Register Statistics
 11. Multiplexer Restructuring Statistics (Restructuring Performed)
 12. Elapsed Time Per Partition
 13. Analysis & Synthesis Messages



----------------
; Legal Notice ;
----------------
Copyright (C) 1991-2013 Altera Corporation
Your use of Altera Corporation's design tools, logic functions 
and other software and tools, and its AMPP partner logic 
functions, and any output files from any of the foregoing 
(including device programming or simulation files), and any 
associated documentation or information are expressly subject 
to the terms and conditions of the Altera Program License 
Subscription Agreement, Altera MegaCore Function License 
Agreement, or other applicable license agreement, including, 
without limitation, that your use is for the sole purpose of 
programming logic devices manufactured by Altera and sold by 
Altera or its authorized distributors.  Please refer to the 
applicable agreement for further details.



+--------------------------------------------------------------------------------------+
; Analysis & Synthesis Summary                                                         ;
+------------------------------------+-------------------------------------------------+
; Analysis & Synthesis Status        ; Successful - Thu Aug 22 18:05:02 2024           ;
; Quartus II 32-bit Version          ; 13.0.1 Build 232 06/12/2013 SP 1 SJ Web Edition ;
; Revision Name                      ; relogio                                         ;
; Top-level Entity Name              ; relogio                                         ;
; Family                             ; Cyclone II                                      ;
; Total logic elements               ; 23                                              ;
;     Total combinational functions  ; 23                                              ;
;     Dedicated logic registers      ; 8                                               ;
; Total registers                    ; 8                                               ;
; Total pins                         ; 49                                              ;
; Total virtual pins                 ; 0                                               ;
; Total memory bits                  ; 0                                               ;
; Embedded Multiplier 9-bit elements ; 0                                               ;
; Total PLLs                         ; 0                                               ;
+------------------------------------+-------------------------------------------------+


+----------------------------------------------------------------------------------------------------------------------+
; Analysis & Synthesis Settings                                                                                        ;
+----------------------------------------------------------------------------+--------------------+--------------------+
; Option                                                                     ; Setting            ; Default Value      ;
+----------------------------------------------------------------------------+--------------------+--------------------+
; Device                                                                     ; EP2C35F672C8       ;                    ;
; Top-level entity name                                                      ; relogio            ; relogio            ;
; Family name                                                                ; Cyclone II         ; Cyclone IV GX      ;
; Use smart compilation                                                      ; Off                ; Off                ;
; Enable parallel Assembler and TimeQuest Timing Analyzer during compilation ; On                 ; On                 ;
; Enable compact report table                                                ; Off                ; Off                ;
; Restructure Multiplexers                                                   ; Auto               ; Auto               ;
; Create Debugging Nodes for IP Cores                                        ; Off                ; Off                ;
; Preserve fewer node names                                                  ; On                 ; On                 ;
; Disable OpenCore Plus hardware evaluation                                  ; Off                ; Off                ;
; Verilog Version                                                            ; Verilog_2001       ; Verilog_2001       ;
; VHDL Version                                                               ; VHDL_1993          ; VHDL_1993          ;
; State Machine Processing                                                   ; Auto               ; Auto               ;
; Safe State Machine                                                         ; Off                ; Off                ;
; Extract Verilog State Machines                                             ; On                 ; On                 ;
; Extract VHDL State Machines                                                ; On                 ; On                 ;
; Ignore Verilog initial constructs                                          ; Off                ; Off                ;
; Iteration limit for constant Verilog loops                                 ; 5000               ; 5000               ;
; Iteration limit for non-constant Verilog loops                             ; 250                ; 250                ;
; Add Pass-Through Logic to Inferred RAMs                                    ; On                 ; On                 ;
; Infer RAMs from Raw Logic                                                  ; On                 ; On                 ;
; Parallel Synthesis                                                         ; On                 ; On                 ;
; DSP Block Balancing                                                        ; Auto               ; Auto               ;
; NOT Gate Push-Back                                                         ; On                 ; On                 ;
; Power-Up Don't Care                                                        ; On                 ; On                 ;
; Remove Redundant Logic Cells                                               ; Off                ; Off                ;
; Remove Duplicate Registers                                                 ; On                 ; On                 ;
; Ignore CARRY Buffers                                                       ; Off                ; Off                ;
; Ignore CASCADE Buffers                                                     ; Off                ; Off                ;
; Ignore GLOBAL Buffers                                                      ; Off                ; Off                ;
; Ignore ROW GLOBAL Buffers                                                  ; Off                ; Off                ;
; Ignore LCELL Buffers                                                       ; Off                ; Off                ;
; Ignore SOFT Buffers                                                        ; On                 ; On                 ;
; Limit AHDL Integers to 32 Bits                                             ; Off                ; Off                ;
; Optimization Technique                                                     ; Balanced           ; Balanced           ;
; Carry Chain Length                                                         ; 70                 ; 70                 ;
; Auto Carry Chains                                                          ; On                 ; On                 ;
; Auto Open-Drain Pins                                                       ; On                 ; On                 ;
; Perform WYSIWYG Primitive Resynthesis                                      ; Off                ; Off                ;
; Auto ROM Replacement                                                       ; On                 ; On                 ;
; Auto RAM Replacement                                                       ; On                 ; On                 ;
; Auto Shift Register Replacement                                            ; Auto               ; Auto               ;
; Allow Shift Register Merging across Hierarchies                            ; Auto               ; Auto               ;
; Auto Clock Enable Replacement                                              ; On                 ; On                 ;
; Strict RAM Replacement                                                     ; Off                ; Off                ;
; Allow Synchronous Control Signals                                          ; On                 ; On                 ;
; Force Use of Synchronous Clear Signals                                     ; Off                ; Off                ;
; Auto RAM to Logic Cell Conversion                                          ; Off                ; Off                ;
; Auto Resource Sharing                                                      ; Off                ; Off                ;
; Allow Any RAM Size For Recognition                                         ; Off                ; Off                ;
; Allow Any ROM Size For Recognition                                         ; Off                ; Off                ;
; Allow Any Shift Register Size For Recognition                              ; Off                ; Off                ;
; Use LogicLock Constraints during Resource Balancing                        ; On                 ; On                 ;
; Ignore translate_off and synthesis_off directives                          ; Off                ; Off                ;
; Timing-Driven Synthesis                                                    ; Off                ; Off                ;
; Report Parameter Settings                                                  ; On                 ; On                 ;
; Report Source Assignments                                                  ; On                 ; On                 ;
; Report Connectivity Checks                                                 ; On                 ; On                 ;
; Ignore Maximum Fan-Out Assignments                                         ; Off                ; Off                ;
; Synchronization Register Chain Length                                      ; 2                  ; 2                  ;
; PowerPlay Power Optimization                                               ; Normal compilation ; Normal compilation ;
; HDL message level                                                          ; Level2             ; Level2             ;
; Suppress Register Optimization Related Messages                            ; Off                ; Off                ;
; Number of Removed Registers Reported in Synthesis Report                   ; 5000               ; 5000               ;
; Number of Swept Nodes Reported in Synthesis Report                         ; 5000               ; 5000               ;
; Number of Inverted Registers Reported in Synthesis Report                  ; 100                ; 100                ;
; Clock MUX Protection                                                       ; On                 ; On                 ;
; Auto Gated Clock Conversion                                                ; Off                ; Off                ;
; Block Design Naming                                                        ; Auto               ; Auto               ;
; SDC constraint protection                                                  ; Off                ; Off                ;
; Synthesis Effort                                                           ; Auto               ; Auto               ;
; Shift Register Replacement - Allow Asynchronous Clear Signal               ; On                 ; On                 ;
; Pre-Mapping Resynthesis Optimization                                       ; Off                ; Off                ;
; Analysis & Synthesis Message Level                                         ; Medium             ; Medium             ;
; Disable Register Merging Across Hierarchies                                ; Auto               ; Auto               ;
; Resource Aware Inference For Block RAM                                     ; On                 ; On                 ;
; Synthesis Seed                                                             ; 1                  ; 1                  ;
+----------------------------------------------------------------------------+--------------------+--------------------+


Parallel compilation was disabled, but you have multiple processors available. Enable parallel compilation to reduce compilation time.
+-------------------------------------+
; Parallel Compilation                ;
+----------------------------+--------+
; Processors                 ; Number ;
+----------------------------+--------+
; Number detected on machine ; 4      ;
; Maximum allowed            ; 1      ;
+----------------------------+--------+


+---------------------------------------------------------------------------------------------------------------------------------------------------------------------------+
; Analysis & Synthesis Source Files Read                                                                                                                                    ;
+----------------------------------+-----------------+-----------------+------------------------------------------------------------------------------------------+---------+
; File Name with User-Entered Path ; Used in Netlist ; File Type       ; File Name with Absolute Path                                                             ; Library ;
+----------------------------------+-----------------+-----------------+------------------------------------------------------------------------------------------+---------+
; unihora.vhd                      ; yes             ; User VHDL File  ; C:/Users/vitin/Documents/TADS/SistemasDigitais/Sistemas-Digitais/Relogio/unihora.vhd     ;         ;
; unidade_seg.vhd                  ; yes             ; User VHDL File  ; C:/Users/vitin/Documents/TADS/SistemasDigitais/Sistemas-Digitais/Relogio/unidade_seg.vhd ;         ;
; unidade_min.vhd                  ; yes             ; User VHDL File  ; C:/Users/vitin/Documents/TADS/SistemasDigitais/Sistemas-Digitais/Relogio/unidade_min.vhd ;         ;
; dezhora.vhd                      ; yes             ; User VHDL File  ; C:/Users/vitin/Documents/TADS/SistemasDigitais/Sistemas-Digitais/Relogio/dezhora.vhd     ;         ;
; dezena_seg.vhd                   ; yes             ; User VHDL File  ; C:/Users/vitin/Documents/TADS/SistemasDigitais/Sistemas-Digitais/Relogio/dezena_seg.vhd  ;         ;
; dezena_min.vhd                   ; yes             ; User VHDL File  ; C:/Users/vitin/Documents/TADS/SistemasDigitais/Sistemas-Digitais/Relogio/dezena_min.vhd  ;         ;
; relogio.vhd                      ; yes             ; User VHDL File  ; C:/Users/vitin/Documents/TADS/SistemasDigitais/Sistemas-Digitais/Relogio/relogio.vhd     ;         ;
+----------------------------------+-----------------+-----------------+------------------------------------------------------------------------------------------+---------+


+-------------------------------------------------------------------------+
; Analysis & Synthesis Resource Usage Summary                             ;
+---------------------------------------------+---------------------------+
; Resource                                    ; Usage                     ;
+---------------------------------------------+---------------------------+
; Estimated Total logic elements              ; 23                        ;
;                                             ;                           ;
; Total combinational functions               ; 23                        ;
; Logic element usage by number of LUT inputs ;                           ;
;     -- 4 input functions                    ; 10                        ;
;     -- 3 input functions                    ; 11                        ;
;     -- <=2 input functions                  ; 2                         ;
;                                             ;                           ;
; Logic elements by mode                      ;                           ;
;     -- normal mode                          ; 23                        ;
;     -- arithmetic mode                      ; 0                         ;
;                                             ;                           ;
; Total registers                             ; 8                         ;
;     -- Dedicated logic registers            ; 8                         ;
;     -- I/O registers                        ; 0                         ;
;                                             ;                           ;
; I/O pins                                    ; 49                        ;
; Embedded Multiplier 9-bit elements          ; 0                         ;
; Maximum fan-out node                        ; unidade_seg:u1|uni_seg[0] ;
; Maximum fan-out                             ; 12                        ;
; Total fan-out                               ; 105                       ;
; Average fan-out                             ; 1.31                      ;
+---------------------------------------------+---------------------------+


+---------------------------------------------------------------------------------------------------------------------------------------------------------------------------------+
; Analysis & Synthesis Resource Utilization by Entity                                                                                                                             ;
+----------------------------+-------------------+--------------+-------------+--------------+---------+-----------+------+--------------+-------------------------+--------------+
; Compilation Hierarchy Node ; LC Combinationals ; LC Registers ; Memory Bits ; DSP Elements ; DSP 9x9 ; DSP 18x18 ; Pins ; Virtual Pins ; Full Hierarchy Name     ; Library Name ;
+----------------------------+-------------------+--------------+-------------+--------------+---------+-----------+------+--------------+-------------------------+--------------+
; |relogio                   ; 23 (14)           ; 8 (0)        ; 0           ; 0            ; 0       ; 0         ; 49   ; 0            ; |relogio                ; work         ;
;    |dezena_seg:u2|         ; 3 (3)             ; 3 (3)        ; 0           ; 0            ; 0       ; 0         ; 0    ; 0            ; |relogio|dezena_seg:u2  ; work         ;
;    |unidade_seg:u1|        ; 6 (6)             ; 5 (5)        ; 0           ; 0            ; 0       ; 0         ; 0    ; 0            ; |relogio|unidade_seg:u1 ; work         ;
+----------------------------+-------------------+--------------+-------------+--------------+---------+-----------+------+--------------+-------------------------+--------------+
Note: For table entries with two numbers listed, the numbers in parentheses indicate the number of resources of the given type used by the specific entity alone. The numbers listed outside of parentheses indicate the total resources of the given type used by the specific entity and all of its sub-entities in the hierarchy.


+-------------------------------------------------------------------------------+
; Registers Removed During Synthesis                                            ;
+----------------------------------------+--------------------------------------+
; Register name                          ; Reason for Removal                   ;
+----------------------------------------+--------------------------------------+
; unidade_min:u3|clk_out_tmp_min         ; Stuck at GND due to stuck port clock ;
; unidade_min:u3|uni_min[0..3]           ; Stuck at GND due to stuck port clock ;
; dezena_min:u4|clk_out_tmp_min          ; Stuck at GND due to stuck port clock ;
; dezena_min:u4|dez[0..2]                ; Stuck at GND due to stuck port clock ;
; unihora:u5|clk_out_tmp_hr              ; Stuck at GND due to stuck port clock ;
; unihora:u5|unihora[0..2]               ; Stuck at GND due to stuck port clock ;
; dezhora:u6|dezhr[0,1]                  ; Stuck at GND due to stuck port clock ;
; Total Number of Removed Registers = 15 ;                                      ;
+----------------------------------------+--------------------------------------+


+---------------------------------------------------------------------------------------------------------------------------------------------------+
; Removed Registers Triggering Further Register Optimizations                                                                                       ;
+--------------------------------+-------------------------+----------------------------------------------------------------------------------------+
; Register name                  ; Reason for Removal      ; Registers Removed due to This Register                                                 ;
+--------------------------------+-------------------------+----------------------------------------------------------------------------------------+
; unidade_min:u3|clk_out_tmp_min ; Stuck at GND            ; dezena_min:u4|clk_out_tmp_min, dezena_min:u4|dez[0], dezena_min:u4|dez[1],             ;
;                                ; due to stuck port clock ; dezena_min:u4|dez[2], unihora:u5|clk_out_tmp_hr, unihora:u5|unihora[0],                ;
;                                ;                         ; unihora:u5|unihora[1], unihora:u5|unihora[2], dezhora:u6|dezhr[0], dezhora:u6|dezhr[1] ;
+--------------------------------+-------------------------+----------------------------------------------------------------------------------------+


+------------------------------------------------------+
; General Register Statistics                          ;
+----------------------------------------------+-------+
; Statistic                                    ; Value ;
+----------------------------------------------+-------+
; Total registers                              ; 8     ;
; Number of registers using Synchronous Clear  ; 0     ;
; Number of registers using Synchronous Load   ; 0     ;
; Number of registers using Asynchronous Clear ; 0     ;
; Number of registers using Asynchronous Load  ; 0     ;
; Number of registers using Clock Enable       ; 0     ;
; Number of registers using Preset             ; 0     ;
+----------------------------------------------+-------+


+------------------------------------------------------------------------------------------------------------------------------------------+
; Multiplexer Restructuring Statistics (Restructuring Performed)                                                                           ;
+--------------------+-----------+---------------+----------------------+------------------------+------------+----------------------------+
; Multiplexer Inputs ; Bus Width ; Baseline Area ; Area if Restructured ; Saving if Restructured ; Registered ; Example Multiplexer Output ;
+--------------------+-----------+---------------+----------------------+------------------------+------------+----------------------------+
; 3:1                ; 2 bits    ; 4 LEs         ; 4 LEs                ; 0 LEs                  ; No         ; |relogio|seg71             ;
; 4:1                ; 2 bits    ; 4 LEs         ; 4 LEs                ; 0 LEs                  ; No         ; |relogio|seg71             ;
; 5:1                ; 2 bits    ; 6 LEs         ; 4 LEs                ; 2 LEs                  ; No         ; |relogio|seg71             ;
+--------------------+-----------+---------------+----------------------+------------------------+------------+----------------------------+


+-------------------------------+
; Elapsed Time Per Partition    ;
+----------------+--------------+
; Partition Name ; Elapsed Time ;
+----------------+--------------+
; Top            ; 00:00:00     ;
+----------------+--------------+


+-------------------------------+
; Analysis & Synthesis Messages ;
+-------------------------------+
Info: *******************************************************************
Info: Running Quartus II 32-bit Analysis & Synthesis
    Info: Version 13.0.1 Build 232 06/12/2013 Service Pack 1 SJ Web Edition
    Info: Processing started: Thu Aug 22 18:04:58 2024
Info: Command: quartus_map --read_settings_files=on --write_settings_files=off relogio -c relogio
Warning (20028): Parallel compilation is not licensed and has been disabled
Info (12021): Found 2 design units, including 1 entities, in source file unihora.vhd
    Info (12022): Found design unit 1: unihora-Behavioral
    Info (12023): Found entity 1: unihora
Info (12021): Found 2 design units, including 1 entities, in source file unidade_seg.vhd
    Info (12022): Found design unit 1: unidade_seg-Behavioral
    Info (12023): Found entity 1: unidade_seg
Info (12021): Found 2 design units, including 1 entities, in source file unidade_min.vhd
    Info (12022): Found design unit 1: unidade_min-Behavioral
    Info (12023): Found entity 1: unidade_min
Info (12021): Found 2 design units, including 1 entities, in source file dezhora.vhd
    Info (12022): Found design unit 1: dezhora-Behavioral
    Info (12023): Found entity 1: dezhora
Info (12021): Found 2 design units, including 1 entities, in source file dezena_seg.vhd
    Info (12022): Found design unit 1: dezena_seg-Behavioral
    Info (12023): Found entity 1: dezena_seg
Info (12021): Found 2 design units, including 1 entities, in source file dezena_min.vhd
    Info (12022): Found design unit 1: dezena_min-Behavioral
    Info (12023): Found entity 1: dezena_min
Info (12021): Found 2 design units, including 1 entities, in source file relogio.vhd
    Info (12022): Found design unit 1: relogio-Behavioral
    Info (12023): Found entity 1: relogio
Info (12127): Elaborating entity "relogio" for the top level hierarchy
Info (12128): Elaborating entity "unidade_seg" for hierarchy "unidade_seg:u1"
Info (12128): Elaborating entity "dezena_seg" for hierarchy "dezena_seg:u2"
Warning (10541): VHDL Signal Declaration warning at dezena_seg.vhd(7): used implicit default value for signal "clk_out_dez_seg" because signal was never assigned a value or an explicit default value. Use of implicit default value may introduce unintended design optimizations.
Warning (10036): Verilog HDL or VHDL warning at dezena_seg.vhd(12): object "clk_out_tmp_seg" assigned a value but never read
Info (12128): Elaborating entity "unidade_min" for hierarchy "unidade_min:u3"
Info (12128): Elaborating entity "dezena_min" for hierarchy "dezena_min:u4"
Info (12128): Elaborating entity "unihora" for hierarchy "unihora:u5"
Info (12128): Elaborating entity "dezhora" for hierarchy "dezhora:u6"
Warning (13024): Output pins are stuck at VCC or GND
    Warning (13410): Pin "seg71[0]" is stuck at VCC
    Warning (13410): Pin "seg72[0]" is stuck at VCC
    Warning (13410): Pin "seg73[0]" is stuck at VCC
    Warning (13410): Pin "seg73[1]" is stuck at VCC
    Warning (13410): Pin "seg73[2]" is stuck at GND
    Warning (13410): Pin "seg73[3]" is stuck at GND
    Warning (13410): Pin "seg73[4]" is stuck at GND
    Warning (13410): Pin "seg73[5]" is stuck at GND
    Warning (13410): Pin "seg73[6]" is stuck at GND
    Warning (13410): Pin "seg73[7]" is stuck at GND
    Warning (13410): Pin "seg74[0]" is stuck at VCC
    Warning (13410): Pin "seg74[1]" is stuck at VCC
    Warning (13410): Pin "seg74[2]" is stuck at GND
    Warning (13410): Pin "seg74[3]" is stuck at GND
    Warning (13410): Pin "seg74[4]" is stuck at GND
    Warning (13410): Pin "seg74[5]" is stuck at GND
    Warning (13410): Pin "seg74[6]" is stuck at GND
    Warning (13410): Pin "seg74[7]" is stuck at GND
    Warning (13410): Pin "seg75[0]" is stuck at VCC
    Warning (13410): Pin "seg75[1]" is stuck at VCC
    Warning (13410): Pin "seg75[2]" is stuck at GND
    Warning (13410): Pin "seg75[3]" is stuck at GND
    Warning (13410): Pin "seg75[4]" is stuck at GND
    Warning (13410): Pin "seg75[5]" is stuck at GND
    Warning (13410): Pin "seg75[6]" is stuck at GND
    Warning (13410): Pin "seg75[7]" is stuck at GND
    Warning (13410): Pin "seg76[0]" is stuck at VCC
    Warning (13410): Pin "seg76[1]" is stuck at VCC
    Warning (13410): Pin "seg76[2]" is stuck at GND
    Warning (13410): Pin "seg76[3]" is stuck at GND
    Warning (13410): Pin "seg76[4]" is stuck at GND
    Warning (13410): Pin "seg76[5]" is stuck at GND
    Warning (13410): Pin "seg76[6]" is stuck at GND
    Warning (13410): Pin "seg76[7]" is stuck at GND
Info (16010): Generating hard_block partition "hard_block:auto_generated_inst"
    Info (16011): Adding 0 node(s), including 0 DDIO, 0 PLL, 0 transceiver and 0 LCELL
Info (21057): Implemented 72 device resources after synthesis - the final resource count might be different
    Info (21058): Implemented 1 input pins
    Info (21059): Implemented 48 output pins
    Info (21061): Implemented 23 logic cells
Info: Quartus II 32-bit Analysis & Synthesis was successful. 0 errors, 38 warnings
    Info: Peak virtual memory: 395 megabytes
    Info: Processing ended: Thu Aug 22 18:05:03 2024
    Info: Elapsed time: 00:00:05
    Info: Total CPU time (on all processors): 00:00:01


